<?xml version="1.0" encoding="UTF-8"?>
<!-- Generated by org.testng.reporters.JUnitReportReporter -->
<testsuite hostname="anton-MS-7501" name="aserdyuchenko.CalculatorTest" tests="4" failures="0" timestamp="29 Aug 2016 06:27:13 GMT" time="0.019" errors="0">
  <testcase name="whenDivTwoNumbers" time="0.000" classname="aserdyuchenko.CalculatorTest"/>
  <testcase name="whenMultipleTwoNumbers" time="0.000" classname="aserdyuchenko.CalculatorTest"/>
  <testcase name="whenAddTwoNumbers" time="0.017" classname="aserdyuchenko.CalculatorTest"/>
  <testcase name="whenSubstructTwoNumbers" time="0.002" classname="aserdyuchenko.CalculatorTest"/>
</testsuite> <!-- aserdyuchenko.CalculatorTest -->
