<?xml version="1.0" encoding="UTF-8"?>
<!-- Generated by org.testng.reporters.JUnitReportReporter -->
<testsuite hostname="anton-MS-7501" name="aserdyuchenko.CalculatorTest" tests="4" failures="0" timestamp="1 Sep 2016 09:00:09 GMT" time="0.006" errors="0">
  <testcase name="whenMultipleTwoNumbers" time="0.000" classname="aserdyuchenko.CalculatorTest"/>
  <testcase name="whenAddTwoNumbers" time="0.006" classname="aserdyuchenko.CalculatorTest"/>
  <testcase name="whenDivTwoNumbers" time="0.000" classname="aserdyuchenko.CalculatorTest"/>
  <testcase name="whenSubstructTwoNumbers" time="0.000" classname="aserdyuchenko.CalculatorTest"/>
</testsuite> <!-- aserdyuchenko.CalculatorTest -->
