<?xml version="1.0" encoding="UTF-8"?>
<!-- Generated by org.testng.reporters.JUnitReportReporter -->
<testsuite hostname="anton-MS-7501" name="aserdyuchenko.CalculateTest" tests="1" failures="0" timestamp="3 Sep 2016 08:29:00 GMT" time="0.057" errors="0">
  <testcase name="whenYouWantSeeHelloWorld" time="0.057" classname="aserdyuchenko.CalculateTest"/>
</testsuite> <!-- aserdyuchenko.CalculateTest -->
