<?xml version="1.0" encoding="UTF-8"?>
<!-- Generated by org.testng.reporters.JUnitReportReporter -->
<testsuite hostname="anton-MS-7501" name="aserdyuchenko.PointTest" tests="1" failures="0" timestamp="1 Sep 2016 09:00:09 GMT" time="0.001" errors="0">
  <testcase name="whenCalculateDistanceBetweenTwoPoints" time="0.001" classname="aserdyuchenko.PointTest"/>
</testsuite> <!-- aserdyuchenko.PointTest -->
