<?xml version="1.0" encoding="UTF-8"?>
<!-- Generated by org.testng.reporters.JUnitReportReporter -->
<testsuite hostname="anton-MS-7501" name="aserdyuchenko.CalculatorTest" tests="4" failures="0" timestamp="3 Sep 2016 08:29:00 GMT" time="0.034" errors="0">
  <testcase name="whenSubstructTwoNumbers" time="0.000" classname="aserdyuchenko.CalculatorTest"/>
  <testcase name="whenMultipleTwoNumbers" time="0.000" classname="aserdyuchenko.CalculatorTest"/>
  <testcase name="whenAddTwoNumbers" time="0.033" classname="aserdyuchenko.CalculatorTest"/>
  <testcase name="whenDivTwoNumbers" time="0.001" classname="aserdyuchenko.CalculatorTest"/>
</testsuite> <!-- aserdyuchenko.CalculatorTest -->
