<?xml version="1.0" encoding="UTF-8"?>
<!-- Generated by org.testng.reporters.JUnitReportReporter -->
<testsuite hostname="anton-MS-7501" name="aserdyuchenko.CalculatorTest" tests="4" failures="0" timestamp="31 Aug 2016 16:10:43 GMT" time="0.055" errors="0">
  <testcase name="whenMultipleTwoNumbers" time="0.001" classname="aserdyuchenko.CalculatorTest"/>
  <testcase name="whenAddTwoNumbers" time="0.053" classname="aserdyuchenko.CalculatorTest"/>
  <testcase name="whenDivTwoNumbers" time="0.000" classname="aserdyuchenko.CalculatorTest"/>
  <testcase name="whenSubstructTwoNumbers" time="0.001" classname="aserdyuchenko.CalculatorTest"/>
</testsuite> <!-- aserdyuchenko.CalculatorTest -->
