<?xml version="1.0" encoding="UTF-8"?>
<!-- Generated by org.testng.reporters.JUnitReportReporter -->
<testsuite hostname="anton-MS-7501" name="aserdyuchenko.CalculateTest" tests="1" failures="0" timestamp="31 Aug 2016 16:10:43 GMT" time="0.043" errors="0">
  <testcase name="whenYouWantSeeHelloWorld" time="0.043" classname="aserdyuchenko.CalculateTest"/>
</testsuite> <!-- aserdyuchenko.CalculateTest -->
